{"/Users/gklikh/Documents/Dev/WeatherApp/src/controllers/GetCurrentWeatherByZipCode.ts": {"path":"/Users/gklikh/Documents/Dev/WeatherApp/src/controllers/GetCurrentWeatherByZipCode.ts","statementMap":{"0":{"start":{"line":1,"column":0},"end":{"line":1,"column":62}},"1":{"start":{"line":3,"column":0},"end":{"line":3,"column":82}},"2":{"start":{"line":6,"column":0},"end":{"line":6,"column":57}},"3":{"start":{"line":7,"column":0},"end":{"line":7,"column":58}},"4":{"start":{"line":8,"column":0},"end":{"line":8,"column":26}},"5":{"start":{"line":13,"column":0},"end":{"line":59,"column":null}},"6":{"start":{"line":19,"column":4},"end":{"line":19,"column":80}},"7":{"start":{"line":21,"column":4},"end":{"line":21,"column":82}},"8":{"start":{"line":22,"column":18},"end":{"line":22,"column":69}},"9":{"start":{"line":23,"column":4},"end":{"line":38,"column":null}},"10":{"start":{"line":24,"column":6},"end":{"line":24,"column":69}},"11":{"start":{"line":25,"column":6},"end":{"line":25,"column":38}},"12":{"start":{"line":26,"column":6},"end":{"line":31,"column":null}},"13":{"start":{"line":27,"column":8},"end":{"line":27,"column":104}},"14":{"start":{"line":28,"column":38},"end":{"line":28,"column":69}},"15":{"start":{"line":29,"column":8},"end":{"line":29,"column":43}},"16":{"start":{"line":30,"column":8},"end":{"line":30,"column":37}},"17":{"start":{"line":34,"column":26},"end":{"line":34,"column":49}},"18":{"start":{"line":35,"column":6},"end":{"line":35,"column":167}},"19":{"start":{"line":36,"column":6},"end":{"line":36,"column":43}},"20":{"start":{"line":37,"column":6},"end":{"line":37,"column":44}},"21":{"start":{"line":42,"column":29},"end":{"line":46,"column":null}},"22":{"start":{"line":47,"column":32},"end":{"line":52,"column":null}},"23":{"start":{"line":53,"column":26},"end":{"line":56,"column":null}},"24":{"start":{"line":57,"column":4},"end":{"line":57,"column":27}},"25":{"start":{"line":18,"column":2},"end":{"line":39,"column":null}},"26":{"start":{"line":13,"column":13},"end":{"line":59,"column":null}},"27":{"start":{"line":13,"column":13},"end":{"line":13,"column":39}}},"fnMap":{"0":{"name":"(anonymous_11)","decl":{"start":{"line":18,"column":8},"end":{"line":18,"column":34}},"loc":{"start":{"line":18,"column":58},"end":{"line":39,"column":null}}},"1":{"name":"(anonymous_13)","decl":{"start":{"line":41,"column":2},"end":{"line":41,"column":9}},"loc":{"start":{"line":41,"column":40},"end":{"line":58,"column":3}}}},"branchMap":{"0":{"loc":{"start":{"line":26,"column":6},"end":{"line":31,"column":null}},"type":"if","locations":[{"start":{"line":26,"column":6},"end":{"line":31,"column":null}}]},"1":{"loc":{"start":{"line":43,"column":16},"end":{"line":43,"column":40}},"type":"binary-expr","locations":[{"start":{"line":43,"column":16},"end":{"line":43,"column":34}},{"start":{"line":43,"column":38},"end":{"line":43,"column":40}}]},"2":{"loc":{"start":{"line":44,"column":15},"end":{"line":44,"column":46}},"type":"binary-expr","locations":[{"start":{"line":44,"column":15},"end":{"line":44,"column":40}},{"start":{"line":44,"column":44},"end":{"line":44,"column":46}}]},"3":{"loc":{"start":{"line":48,"column":19},"end":{"line":48,"column":48}},"type":"binary-expr","locations":[{"start":{"line":48,"column":19},"end":{"line":48,"column":42}},{"start":{"line":48,"column":46},"end":{"line":48,"column":48}}]},"4":{"loc":{"start":{"line":49,"column":16},"end":{"line":49,"column":49}},"type":"binary-expr","locations":[{"start":{"line":49,"column":16},"end":{"line":49,"column":43}},{"start":{"line":49,"column":47},"end":{"line":49,"column":49}}]},"5":{"loc":{"start":{"line":50,"column":15},"end":{"line":50,"column":48}},"type":"binary-expr","locations":[{"start":{"line":50,"column":15},"end":{"line":50,"column":42}},{"start":{"line":50,"column":46},"end":{"line":50,"column":48}}]},"6":{"loc":{"start":{"line":51,"column":22},"end":{"line":51,"column":64}},"type":"binary-expr","locations":[{"start":{"line":51,"column":22},"end":{"line":51,"column":58}},{"start":{"line":51,"column":62},"end":{"line":51,"column":64}}]}},"s":{"0":1,"1":1,"2":1,"3":1,"4":1,"5":1,"6":2,"7":2,"8":2,"9":2,"10":2,"11":2,"12":1,"13":1,"14":1,"15":1,"16":1,"17":1,"18":1,"19":1,"20":1,"21":1,"22":1,"23":1,"24":1,"25":1,"26":1,"27":1},"f":{"0":2,"1":1},"b":{"0":[1],"1":[1,0],"2":[1,0],"3":[1,0],"4":[1,0],"5":[1,0],"6":[1,0]}}
,"/Users/gklikh/Documents/Dev/WeatherApp/src/helpers/request-builder.ts": {"path":"/Users/gklikh/Documents/Dev/WeatherApp/src/helpers/request-builder.ts","statementMap":{"0":{"start":{"line":1,"column":0},"end":{"line":1,"column":42}},"1":{"start":{"line":7,"column":30},"end":{"line":7,"column":61}},"2":{"start":{"line":8,"column":41},"end":{"line":11,"column":6}},"3":{"start":{"line":12,"column":15},"end":{"line":18,"column":null}},"4":{"start":{"line":20,"column":4},"end":{"line":20,"column":19}},"5":{"start":{"line":6,"column":2},"end":{"line":6,"column":24}}},"fnMap":{"0":{"name":"createCurrentWeatherByZipCodeHttpReq","decl":{"start":{"line":6,"column":24},"end":{"line":6,"column":60}},"loc":{"start":{"line":6,"column":76},"end":{"line":21,"column":null}}}},"branchMap":{},"s":{"0":1,"1":0,"2":0,"3":0,"4":0,"5":1},"f":{"0":0},"b":{}}
,"/Users/gklikh/Documents/Dev/WeatherApp/src/models/ErrorResponse.ts": {"path":"/Users/gklikh/Documents/Dev/WeatherApp/src/models/ErrorResponse.ts","statementMap":{"0":{"start":{"line":9,"column":24},"end":{"line":13,"column":21}},"1":{"start":{"line":14,"column":2},"end":{"line":14,"column":23}},"2":{"start":{"line":8,"column":0},"end":{"line":8,"column":16}}},"fnMap":{"0":{"name":"generateResponse","decl":{"start":{"line":8,"column":16},"end":{"line":8,"column":32}},"loc":{"start":{"line":8,"column":43},"end":{"line":15,"column":1}}}},"branchMap":{},"s":{"0":1,"1":1,"2":1},"f":{"0":1},"b":{}}
,"/Users/gklikh/Documents/Dev/WeatherApp/src/utils/http-status-codes.ts": {"path":"/Users/gklikh/Documents/Dev/WeatherApp/src/utils/http-status-codes.ts","statementMap":{"0":{"start":{"line":1,"column":0},"end":{"line":7,"column":2}}},"fnMap":{},"branchMap":{},"s":{"0":1},"f":{},"b":{}}
,"/Users/gklikh/Documents/Dev/WeatherApp/src/utils/variables.ts": {"path":"/Users/gklikh/Documents/Dev/WeatherApp/src/utils/variables.ts","statementMap":{"0":{"start":{"line":1,"column":0},"end":{"line":1,"column":35}},"1":{"start":{"line":3,"column":13},"end":{"line":13,"column":null}},"2":{"start":{"line":8,"column":14},"end":{"line":8,"column":44}},"3":{"start":{"line":9,"column":4},"end":{"line":9,"column":44}},"4":{"start":{"line":10,"column":4},"end":{"line":10,"column":49}},"5":{"start":{"line":11,"column":4},"end":{"line":11,"column":15}}},"fnMap":{"0":{"name":"(anonymous_1)","decl":{"start":{"line":7,"column":2},"end":{"line":7,"column":19}},"loc":{"start":{"line":7,"column":35},"end":{"line":12,"column":3}}}},"branchMap":{},"s":{"0":1,"1":1,"2":0,"3":0,"4":0,"5":0},"f":{"0":0},"b":{}}
}
