TN:
SF:src/controllers/GetCurrentWeatherByZipCode.ts
FN:18,(anonymous_11)
FN:41,(anonymous_13)
FNF:2
FNH:2
FNDA:2,(anonymous_11)
FNDA:1,(anonymous_13)
DA:1,1
DA:3,1
DA:6,1
DA:7,1
DA:8,1
DA:13,1
DA:18,1
DA:19,2
DA:21,2
DA:22,2
DA:23,2
DA:24,2
DA:25,2
DA:26,1
DA:27,1
DA:28,1
DA:29,1
DA:30,1
DA:34,1
DA:35,1
DA:36,1
DA:37,1
DA:42,1
DA:47,1
DA:53,1
DA:57,1
LF:26
LH:26
BRDA:26,0,0,1
BRDA:43,1,0,1
BRDA:43,1,1,0
BRDA:44,2,0,1
BRDA:44,2,1,0
BRDA:48,3,0,1
BRDA:48,3,1,0
BRDA:49,4,0,1
BRDA:49,4,1,0
BRDA:50,5,0,1
BRDA:50,5,1,0
BRDA:51,6,0,1
BRDA:51,6,1,0
BRF:13
BRH:7
end_of_record
TN:
SF:src/helpers/request-builder.ts
FN:6,createCurrentWeatherByZipCodeHttpReq
FNF:1
FNH:0
FNDA:0,createCurrentWeatherByZipCodeHttpReq
DA:1,1
DA:6,1
DA:7,0
DA:8,0
DA:12,0
DA:20,0
LF:6
LH:2
BRF:0
BRH:0
end_of_record
TN:
SF:src/models/ErrorResponse.ts
FN:8,generateResponse
FNF:1
FNH:1
FNDA:1,generateResponse
DA:8,1
DA:9,1
DA:14,1
LF:3
LH:3
BRF:0
BRH:0
end_of_record
TN:
SF:src/utils/http-status-codes.ts
FNF:0
FNH:0
DA:1,1
LF:1
LH:1
BRF:0
BRH:0
end_of_record
TN:
SF:src/utils/variables.ts
FN:7,(anonymous_1)
FNF:1
FNH:0
FNDA:0,(anonymous_1)
DA:1,1
DA:3,1
DA:8,0
DA:9,0
DA:10,0
DA:11,0
LF:6
LH:2
BRF:0
BRH:0
end_of_record
